No files changed, compilation skipped

Ran 18 tests for test/unit/AMM.t.sol:AMMUnitTest
[PASS] testAddLiquidityFirstProviderEmitsEvent() (gas: 231560)
[PASS] testAddLiquidityFirstProviderMintsSqrt() (gas: 274954)
[PASS] testAddLiquidityRevertsOnMinLpSlippage() (gas: 60348)
[PASS] testAddLiquidityRevertsOnZeroAmount() (gas: 32642)
[PASS] testAddLiquiditySubsequentMintsProportionalLP() (gas: 374685)
[PASS] testAddLiquiditySubsequentRequiresProportionalAmounts() (gas: 264251)
[PASS] testGetAmountOutFormula() (gas: 6682)
[PASS] testInvariantKNonDecreaseAfterSwapWithFee() (gas: 318039)
[PASS] testLargeSwapPriceImpact() (gas: 308977)
[PASS] testRemoveLiquidityFull() (gas: 311869)
[PASS] testRemoveLiquidityPartial() (gas: 333385)
[PASS] testRemoveLiquidityRevertsOnMinAmountSlippage() (gas: 262431)
[PASS] testRemoveLiquidityRevertsOnZeroLPAmount() (gas: 32521)
[PASS] testSwapAToB() (gas: 340163)
[PASS] testSwapBToA() (gas: 340219)
[PASS] testSwapEmitsEvent() (gas: 332589)
[PASS] testSwapRevertsForSlippage() (gas: 282950)
[PASS] testSwapRevertsForUnsupportedToken() (gas: 600653)
Suite result: ok. 18 passed; 0 failed; 0 skipped; finished in 2.65ms (12.86ms CPU time)

╭--------------------------+-----------------+--------+--------+--------+---------╮
| src/AMM.sol:AMM Contract |                 |        |        |        |         |
+=================================================================================+
| Deployment Cost          | Deployment Size |        |        |        |         |
|--------------------------+-----------------+--------+--------+--------+---------|
| 1169493                  | 5570            |        |        |        |         |
|--------------------------+-----------------+--------+--------+--------+---------|
|                          |                 |        |        |        |         |
|--------------------------+-----------------+--------+--------+--------+---------|
| Function Name            | Min             | Avg    | Median | Max    | # Calls |
|--------------------------+-----------------+--------+--------+--------+---------|
| addLiquidity             | 21934           | 179636 | 218820 | 218820 | 17      |
|--------------------------+-----------------+--------+--------+--------+---------|
| getAmountOut             | 834             | 834    | 834    | 834    | 5       |
|--------------------------+-----------------+--------+--------+--------+---------|
| lpToken                  | 237             | 237    | 237    | 237    | 18      |
|--------------------------+-----------------+--------+--------+--------+---------|
| removeLiquidity          | 21824           | 50880  | 49234  | 83230  | 4       |
|--------------------------+-----------------+--------+--------+--------+---------|
| reserveA                 | 2370            | 2370   | 2370   | 2370   | 12      |
|--------------------------+-----------------+--------+--------+--------+---------|
| reserveB                 | 2328            | 2328   | 2328   | 2328   | 12      |
|--------------------------+-----------------+--------+--------+--------+---------|
| swap                     | 22317           | 60407  | 74647  | 74715  | 7       |
╰--------------------------+-----------------+--------+--------+--------+---------╯

╭----------------------------------+-----------------+------+--------+------+---------╮
| src/LPToken.sol:LPToken Contract |                 |      |        |      |         |
+=====================================================================================+
| Deployment Cost                  | Deployment Size |      |        |      |         |
|----------------------------------+-----------------+------+--------+------+---------|
| 0                                | 1589            |      |        |      |         |
|----------------------------------+-----------------+------+--------+------+---------|
|                                  |                 |      |        |      |         |
|----------------------------------+-----------------+------+--------+------+---------|
| Function Name                    | Min             | Avg  | Median | Max  | # Calls |
|----------------------------------+-----------------+------+--------+------+---------|
| balanceOf                        | 2538            | 2538 | 2538   | 2538 | 4       |
|----------------------------------+-----------------+------+--------+------+---------|
| totalSupply                      | 2316            | 2316 | 2316   | 2316 | 22      |
╰----------------------------------+-----------------+------+--------+------+---------╯

╭------------------------------------------------+-----------------+-------+--------+-------+---------╮
| src/mocks/SimpleERC20.sol:SimpleERC20 Contract |                 |       |        |       |         |
+=====================================================================================================+
| Deployment Cost                                | Deployment Size |       |        |       |         |
|------------------------------------------------+-----------------+-------+--------+-------+---------|
| 534640                                         | 2907            |       |        |       |         |
|------------------------------------------------+-----------------+-------+--------+-------+---------|
|                                                |                 |       |        |       |         |
|------------------------------------------------+-----------------+-------+--------+-------+---------|
| Function Name                                  | Min             | Avg   | Median | Max   | # Calls |
|------------------------------------------------+-----------------+-------+--------+-------+---------|
| approve                                        | 46464           | 46464 | 46464  | 46464 | 108     |
|------------------------------------------------+-----------------+-------+--------+-------+---------|
| mint                                           | 51024           | 56732 | 51036  | 68136 | 108     |
╰------------------------------------------------+-----------------+-------+--------+-------+---------╯


Ran 1 test suite in 5.59ms (2.65ms CPU time): 18 tests passed, 0 failed, 0 skipped (18 total tests)
