No files changed, compilation skipped

Ran 13 tests for test/unit/LendingPool.t.sol:LendingPoolUnitTest
[PASS] testBorrowAboveLtvReverts() (gas: 150527)
[PASS] testBorrowWithZeroCollateralReverts() (gas: 61393)
[PASS] testBorrowWithinLtv() (gas: 205627)
[PASS] testDepositTracksPosition() (gas: 135435)
[PASS] testInterestAccruesOverTime() (gas: 213529)
[PASS] testLiquidationAfterPriceDrop() (gas: 324685)
[PASS] testLiquidationHealthyPositionReverts() (gas: 223410)
[PASS] testRepayFullCapsToDebt() (gas: 240886)
[PASS] testRepayPartial() (gas: 250430)
[PASS] testRepayWithoutDebtReverts() (gas: 56721)
[PASS] testWithdrawWithDebtAllowedWhenHealthFactorAboveOne() (gas: 265077)
[PASS] testWithdrawWithOutstandingDebtCanRevertOnHealthFactor() (gas: 220676)
[PASS] testWithdrawWithoutDebt() (gas: 185258)
Suite result: ok. 13 passed; 0 failed; 0 skipped; finished in 1.27ms (4.00ms CPU time)

╭------------------------------------------+-----------------+--------+--------+--------+---------╮
| src/LendingPool.sol:LendingPool Contract |                 |        |        |        |         |
+=================================================================================================+
| Deployment Cost                          | Deployment Size |        |        |        |         |
|------------------------------------------+-----------------+--------+--------+--------+---------|
| 988255                                   | 4445            |        |        |        |         |
|------------------------------------------+-----------------+--------+--------+--------+---------|
|                                          |                 |        |        |        |         |
|------------------------------------------+-----------------+--------+--------+--------+---------|
| Function Name                            | Min             | Avg    | Median | Max    | # Calls |
|------------------------------------------+-----------------+--------+--------+--------+---------|
| borrow                                   | 30987           | 63611  | 69299  | 69299  | 10      |
|------------------------------------------+-----------------+--------+--------+--------+---------|
| currentBorrowBalance                     | 7084            | 7300   | 7300   | 7516   | 2       |
|------------------------------------------+-----------------+--------+--------+--------+---------|
| deposit                                  | 107927          | 107927 | 107927 | 107927 | 11      |
|------------------------------------------+-----------------+--------+--------+--------+---------|
| healthFactor                             | 9791            | 9791   | 9791   | 9791   | 2       |
|------------------------------------------+-----------------+--------+--------+--------+---------|
| liquidate                                | 31640           | 50062  | 50062  | 68485  | 2       |
|------------------------------------------+-----------------+--------+--------+--------+---------|
| positions                                | 6880            | 6880   | 6880   | 6880   | 7       |
|------------------------------------------+-----------------+--------+--------+--------+---------|
| repay                                    | 46067           | 49865  | 49359  | 54169  | 3       |
|------------------------------------------+-----------------+--------+--------+--------+---------|
| setCollateralPrice                       | 27661           | 27661  | 27661  | 27661  | 1       |
|------------------------------------------+-----------------+--------+--------+--------+---------|
| withdraw                                 | 31549           | 44083  | 48885  | 51817  | 3       |
╰------------------------------------------+-----------------+--------+--------+--------+---------╯

╭------------------------------------------------+-----------------+-------+--------+-------+---------╮
| src/mocks/SimpleERC20.sol:SimpleERC20 Contract |                 |       |        |       |         |
+=====================================================================================================+
| Deployment Cost                                | Deployment Size |       |        |       |         |
|------------------------------------------------+-----------------+-------+--------+-------+---------|
| 534700                                         | 2907            |       |        |       |         |
|------------------------------------------------+-----------------+-------+--------+-------+---------|
|                                                |                 |       |        |       |         |
|------------------------------------------------+-----------------+-------+--------+-------+---------|
| Function Name                                  | Min             | Avg   | Median | Max   | # Calls |
|------------------------------------------------+-----------------+-------+--------+-------+---------|
| approve                                        | 46464           | 46464 | 46464  | 46464 | 39      |
|------------------------------------------------+-----------------+-------+--------+-------+---------|
| balanceOf                                      | 2538            | 2538  | 2538   | 2538  | 12      |
|------------------------------------------------+-----------------+-------+--------+-------+---------|
| mint                                           | 51024           | 56728 | 51024  | 68136 | 39      |
╰------------------------------------------------+-----------------+-------+--------+-------+---------╯


Ran 1 test suite in 5.13ms (1.27ms CPU time): 13 tests passed, 0 failed, 0 skipped (13 total tests)
