No files changed, compilation skipped

Ran 18 tests for test/unit/AMM.t.sol:AMMUnitTest
[PASS] testAddLiquidityFirstProviderEmitsEvent() (gas: 209944)
[PASS] testAddLiquidityFirstProviderMintsSqrt() (gas: 231838)
[PASS] testAddLiquidityRevertsOnMinLpSlippage() (gas: 38648)
[PASS] testAddLiquidityRevertsOnZeroAmount() (gas: 11122)
[PASS] testAddLiquiditySubsequentMintsProportionalLP() (gas: 278453)
[PASS] testAddLiquiditySubsequentRequiresProportionalAmounts() (gas: 212519)
[PASS] testGetAmountOutFormula() (gas: 6682)
[PASS] testInvariantKNonDecreaseAfterSwapWithFee() (gas: 236027)
[PASS] testLargeSwapPriceImpact() (gas: 241389)
[PASS] testRemoveLiquidityFull() (gas: 179880)
[PASS] testRemoveLiquidityPartial() (gas: 229337)
[PASS] testRemoveLiquidityRevertsOnMinAmountSlippage() (gas: 210615)
[PASS] testRemoveLiquidityRevertsOnZeroLPAmount() (gas: 11073)
[PASS] testSwapAToB() (gas: 246075)
[PASS] testSwapBToA() (gas: 246131)
[PASS] testSwapEmitsEvent() (gas: 247001)
[PASS] testSwapRevertsForSlippage() (gas: 217454)
[PASS] testSwapRevertsForUnsupportedToken() (gas: 482823)
Suite result: ok. 18 passed; 0 failed; 0 skipped; finished in 1.55ms (5.22ms CPU time)

Ran 1 test suite in 10.15ms (1.55ms CPU time): 18 tests passed, 0 failed, 0 skipped (18 total tests)
No files changed, compilation skipped

Ran 2 tests for test/fuzz/AMMFuzz.t.sol:AMMFuzzTest
[PASS] testFuzz_KNonDecreaseAfterSwap(uint256,bool) (runs: 256, μ: 69142, ~: 69221)
[PASS] testFuzz_SwapAToBMatchesQuote(uint256) (runs: 256, μ: 70466, ~: 70441)
Suite result: ok. 2 passed; 0 failed; 0 skipped; finished in 13.63ms (22.29ms CPU time)

Ran 1 test suite in 14.41ms (13.63ms CPU time): 2 tests passed, 0 failed, 0 skipped (2 total tests)
